<?xml version="1.0" encoding="UTF-8"?>
<!-- Generated by org.testng.reporters.JUnitReportReporter -->
<testsuite hostname="LTIN262034" failures="0" tests="2" name="testCases.TC_001_search_bookshelves" time="34.204" errors="0" timestamp="2024-02-22T17:09:07 IST" skipped="0">
  <testcase classname="testCases.TC_001_search_bookshelves" name="search_Bookshelves" time="4.431"/>
  <testcase classname="testCases.TC_001_search_bookshelves" name="applying_filters" time="29.773"/>
</testsuite> <!-- testCases.TC_001_search_bookshelves -->
