<?xml version="1.0" encoding="UTF-8"?>
<!-- Generated by org.testng.reporters.JUnitReportReporter -->
<testsuite hostname="LTIN262034" failures="0" tests="1" name="testCases.TC_002_Living_Submenu" time="6.464" errors="0" timestamp="2024-02-22T17:09:07 IST" skipped="0">
  <testcase classname="testCases.TC_002_Living_Submenu" name="retrieve_submenu" time="6.464"/>
</testsuite> <!-- testCases.TC_002_Living_Submenu -->
