<?xml version="1.0" encoding="UTF-8"?>
<!-- Generated by org.testng.reporters.JUnitReportReporter -->
<testsuite hostname="LTIN262034" failures="0" tests="2" name="testCases.TC_001_search_bookshelves" time="31.976" errors="0" timestamp="2024-02-22T15:36:00 IST" skipped="0">
  <testcase classname="testCases.TC_001_search_bookshelves" name="search_Bookshelves" time="4.204"/>
  <testcase classname="testCases.TC_001_search_bookshelves" name="applying_filters" time="27.772"/>
</testsuite> <!-- testCases.TC_001_search_bookshelves -->
