<?xml version="1.0" encoding="UTF-8"?>
<!-- Generated by org.testng.reporters.JUnitReportReporter -->
<testsuite hostname="LTIN262034" failures="0" tests="5" name="testCases.TC_003_Giftcards" time="31.649" errors="0" timestamp="2024-02-22T15:36:00 IST" skipped="0">
  <testcase classname="testCases.TC_003_Giftcards" name="gift_card_selection" time="10.521"/>
  <testcase classname="testCases.TC_003_Giftcards" name="set_amount_and_date" time="4.203"/>
  <testcase classname="testCases.TC_003_Giftcards" name="invalid_details" time="6.985"/>
  <testcase classname="testCases.TC_003_Giftcards" name="valid_details" time="6.648"/>
  <testcase classname="testCases.TC_003_Giftcards" name="confirm_details" time="3.292"/>
</testsuite> <!-- testCases.TC_003_Giftcards -->
